<?xml version="1.0" encoding="UTF-8"?>
<!-- Generated by org.testng.reporters.JUnitReportReporter -->
<testsuite hostname="DESKTOP-1FBR669" failures="0" tests="1" name="scripts.Test1" time="0.004" errors="0" timestamp="2022-12-01T11:01:25 IST" skipped="0">
  <testcase classname="scripts.Test1" name="tc1" time="0.004"/>
  <system-out>
    <![CDATA[Hello java]]>
  </system-out>
</testsuite> <!-- scripts.Test1 -->
