<?xml version="1.0" encoding="UTF-8"?>
<!-- Generated by org.testng.reporters.JUnitReportReporter -->
<testsuite hostname="DESKTOP-1FBR669" failures="0" tests="1" name="scripts.Test2" time="0.005" errors="0" timestamp="2022-12-01T11:01:25 IST" skipped="0">
  <testcase classname="scripts.Test2" name="tc2" time="0.005"/>
  <system-out>
    <![CDATA[Hello selenium]]>
  </system-out>
</testsuite> <!-- scripts.Test2 -->
