<?xml version="1.0" encoding="UTF-8"?>
<!-- Generated by org.testng.reporters.JUnitReportReporter -->
<testsuite hostname="DESKTOP-1FBR669" failures="0" tests="1" name="scripts.Test4" time="0.016" errors="0" timestamp="2022-12-01T11:01:25 IST" skipped="0">
  <testcase classname="scripts.Test4" name="tc4" time="0.016"/>
  <system-out>
    <![CDATA[Hello python]]>
  </system-out>
</testsuite> <!-- scripts.Test4 -->
