<?xml version="1.0" encoding="UTF-8"?>
<!-- Generated by org.testng.reporters.JUnitReportReporter -->
<testsuite hostname="DESKTOP-1FBR669" failures="0" tests="1" name="scripts.Test3" time="0.002" errors="0" timestamp="2022-12-01T11:01:25 IST" skipped="0">
  <testcase classname="scripts.Test3" name="tc3" time="0.002"/>
  <system-out>
    <![CDATA[Hello pythonselenium]]>
  </system-out>
</testsuite> <!-- scripts.Test3 -->
